<?xml version="1.0" encoding="UTF-8"?>
<testsuite name="JUnit Vintage" tests="6" skipped="0" failures="1" errors="0" time="0.138" hostname="ARPP013962" timestamp="2018-05-10T17:59:34">
<properties>
[...]
</properties>
<testcase name="cuando_EligeEnvioADomicilioSeleccionDeMedioDePago_AltaNuevaTarjetaDesdeQr_nextStepIs_Review" classname="DojoTest" time="0.027">
<system-out><![CDATA[
unique-id: [engine:junit-vintage]/[runner:DojoTest]/[test:cuando_EligeEnvioADomicilioSeleccionDeMedioDePago_AltaNuevaTarjetaDesdeQr_nextStepIs_Review(DojoTest)]
display-name: cuando_EligeEnvioADomicilioSeleccionDeMedioDePago_AltaNuevaTarjetaDesdeQr_nextStepIs_Review
]]></system-out>
</testcase>
<testcase name="cuando_modificaEnvioDesdeReview_EligeEnvioASucursal_nextStepIs_SucursalDeCorreo" classname="DojoTest" time="0">
<system-out><![CDATA[
unique-id: [engine:junit-vintage]/[runner:DojoTest]/[test:cuando_modificaEnvioDesdeReview_EligeEnvioASucursal_nextStepIs_SucursalDeCorreo(DojoTest)]
display-name: cuando_modificaEnvioDesdeReview_EligeEnvioASucursal_nextStepIs_SucursalDeCorreo
]]></system-out>
</testcase>
<testcase name="cuando_modificaEnvioDesdeReview_EligeEnvioADomicilio_nextStepIs_Review" classname="DojoTest" time="0">
<system-out><![CDATA[
unique-id: [engine:junit-vintage]/[runner:DojoTest]/[test:cuando_modificaEnvioDesdeReview_EligeEnvioADomicilio_nextStepIs_Review(DojoTest)]
display-name: cuando_modificaEnvioDesdeReview_EligeEnvioADomicilio_nextStepIs_Review
]]></system-out>
</testcase>
<testcase name="cuando_EligeEnvioADomicilioSeleccionDeMedioDePago_AltaNuevaTarjeta_nextStepIs_Review" classname="DojoTest" time="0.007">
<system-out><![CDATA[
unique-id: [engine:junit-vintage]/[runner:DojoTest]/[test:cuando_EligeEnvioADomicilioSeleccionDeMedioDePago_AltaNuevaTarjeta_nextStepIs_Review(DojoTest)]
display-name: cuando_EligeEnvioADomicilioSeleccionDeMedioDePago_AltaNuevaTarjeta_nextStepIs_Review
]]></system-out>
</testcase>
<testcase name="cuando_EligeEnvioADomicilio_SeleccionDeMedioDePago_AltaNuevaTarjeta_DesdeReviewModificaEnvio_ElEnvioCambiaDeMonto_generaInconsistencia_luegoVaAPayment_nextStepIs_Payment" classname="DojoTest" time="0.009">
<failure message="expected:&lt;class steps.SeleccionDeMedioDePago&gt; but was:&lt;class steps.Review&gt;" type="java.lang.AssertionError"><![CDATA[java.lang.AssertionError: expected:<class steps.SeleccionDeMedioDePago> but was:<class steps.Review>
	at org.junit.Assert.fail(Assert.java:88)
	at org.junit.Assert.failNotEquals(Assert.java:834)
	at org.junit.Assert.assertEquals(Assert.java:118)
	at org.junit.Assert.assertEquals(Assert.java:144)
	at DojoTest.cuando_EligeEnvioADomicilio_SeleccionDeMedioDePago_AltaNuevaTarjeta_DesdeReviewModificaEnvio_ElEnvioCambiaDeMonto_generaInconsistencia_luegoVaAPayment_nextStepIs_Payment(DojoTest.java:124)
	at sun.reflect.NativeMethodAccessorImpl.invoke0(Native Method)
	at sun.reflect.NativeMethodAccessorImpl.invoke(NativeMethodAccessorImpl.java:62)
	at sun.reflect.DelegatingMethodAccessorImpl.invoke(DelegatingMethodAccessorImpl.java:43)
	at java.lang.reflect.Method.invoke(Method.java:498)
	at org.junit.runners.model.FrameworkMethod$1.runReflectiveCall(FrameworkMethod.java:50)
	at org.junit.internal.runners.model.ReflectiveCallable.run(ReflectiveCallable.java:12)
	at org.junit.runners.model.FrameworkMethod.invokeExplosively(FrameworkMethod.java:47)
	at org.junit.internal.runners.statements.InvokeMethod.evaluate(InvokeMethod.java:17)
	at org.junit.runners.ParentRunner.runLeaf(ParentRunner.java:325)
	at org.junit.runners.BlockJUnit4ClassRunner.runChild(BlockJUnit4ClassRunner.java:78)
	at org.junit.runners.BlockJUnit4ClassRunner.runChild(BlockJUnit4ClassRunner.java:57)
	at org.junit.runners.ParentRunner$3.run(ParentRunner.java:290)
	at org.junit.runners.ParentRunner$1.schedule(ParentRunner.java:71)
	at org.junit.runners.ParentRunner.runChildren(ParentRunner.java:288)
	at org.junit.runners.ParentRunner.access$000(ParentRunner.java:58)
	at org.junit.runners.ParentRunner$2.evaluate(ParentRunner.java:268)
	at org.junit.runners.ParentRunner.run(ParentRunner.java:363)
	at org.junit.runner.JUnitCore.run(JUnitCore.java:137)
	at org.junit.runner.JUnitCore.run(JUnitCore.java:115)
	at org.junit.vintage.engine.execution.RunnerExecutor.execute(RunnerExecutor.java:42)
	at java.util.stream.ForEachOps$ForEachOp$OfRef.accept(ForEachOps.java:184)
	at java.util.stream.ReferencePipeline$3$1.accept(ReferencePipeline.java:193)
	at java.util.Iterator.forEachRemaining(Iterator.java:116)
	at java.util.Spliterators$IteratorSpliterator.forEachRemaining(Spliterators.java:1801)
	at java.util.stream.AbstractPipeline.copyInto(AbstractPipeline.java:481)
	at java.util.stream.AbstractPipeline.wrapAndCopyInto(AbstractPipeline.java:471)
	at java.util.stream.ForEachOps$ForEachOp.evaluateSequential(ForEachOps.java:151)
	at java.util.stream.ForEachOps$ForEachOp$OfRef.evaluateSequential(ForEachOps.java:174)
	at java.util.stream.AbstractPipeline.evaluate(AbstractPipeline.java:234)
	at java.util.stream.ReferencePipeline.forEach(ReferencePipeline.java:418)
	at org.junit.vintage.engine.VintageTestEngine.executeAllChildren(VintageTestEngine.java:83)
	at org.junit.vintage.engine.VintageTestEngine.execute(VintageTestEngine.java:74)
	at org.junit.platform.launcher.core.DefaultLauncher.execute(DefaultLauncher.java:170)
	at org.junit.platform.launcher.core.DefaultLauncher.execute(DefaultLauncher.java:154)
	at org.junit.platform.launcher.core.DefaultLauncher.execute(DefaultLauncher.java:90)
	at org.junit.platform.console.tasks.ConsoleTestExecutor.executeTests(ConsoleTestExecutor.java:65)
	at org.junit.platform.console.tasks.ConsoleTestExecutor.lambda$execute$0(ConsoleTestExecutor.java:57)
	at org.junit.platform.console.tasks.CustomContextClassLoaderExecutor.invoke(CustomContextClassLoaderExecutor.java:33)
	at org.junit.platform.console.tasks.ConsoleTestExecutor.execute(ConsoleTestExecutor.java:57)
	at org.junit.platform.console.ConsoleLauncher.executeTests(ConsoleLauncher.java:84)
	at org.junit.platform.console.ConsoleLauncher.execute(ConsoleLauncher.java:74)
	at org.junit.platform.console.ConsoleLauncher.execute(ConsoleLauncher.java:47)
	at org.junit.platform.console.ConsoleLauncher.main(ConsoleLauncher.java:39)
]]></failure>
<system-out><![CDATA[
unique-id: [engine:junit-vintage]/[runner:DojoTest]/[test:cuando_EligeEnvioADomicilio_SeleccionDeMedioDePago_AltaNuevaTarjeta_DesdeReviewModificaEnvio_ElEnvioCambiaDeMonto_generaInconsistencia_luegoVaAPayment_nextStepIs_Payment(DojoTest)]
display-name: cuando_EligeEnvioADomicilio_SeleccionDeMedioDePago_AltaNuevaTarjeta_DesdeReviewModificaEnvio_ElEnvioCambiaDeMonto_generaInconsistencia_luegoVaAPayment_nextStepIs_Payment
]]></system-out>
</testcase>
<testcase name="cuando_EligeEnvioADomicilio_nextStepIs_SeleccionDeMedioDePago" classname="DojoTest" time="0">
<system-out><![CDATA[
unique-id: [engine:junit-vintage]/[runner:DojoTest]/[test:cuando_EligeEnvioADomicilio_nextStepIs_SeleccionDeMedioDePago(DojoTest)]
display-name: cuando_EligeEnvioADomicilio_nextStepIs_SeleccionDeMedioDePago
]]></system-out>
</testcase>
<system-out><![CDATA[
unique-id: [engine:junit-vintage]
display-name: JUnit Vintage
]]></system-out>
</testsuite>
